<?xml version="1.0" encoding="UTF-8"?>
<!-- Generated by org.testng.reporters.JUnitXMLReporter -->
<testsuite ignored="2" hostname="DESKTOP-LD72JHT" failures="0" tests="17" name="Test" time="5.927" errors="0" timestamp="2022-02-17T17:07:52 IST">
  <testcase classname="com.customerapi.Testcases.TC001_Get_All_Customers" name="checkContentLength" time="0.008"/>
  <testcase classname="com.customerapi.Testcases.TC001_Get_All_Customers" name="checkContentType" time="0.002"/>
  <testcase classname="com.customerapi.Testcases.TC001_Get_All_Customers" name="checkResponseBody" time="0.02"/>
  <testcase classname="com.customerapi.Testcases.TC001_Get_All_Customers" name="checkResponseTime" time="0.003"/>
  <testcase classname="com.customerapi.Testcases.TC001_Get_All_Customers" name="checkServerType" time="0.006"/>
  <testcase classname="com.customerapi.Testcases.TC001_Get_All_Customers" name="checkStatusCode" time="0.003"/>
  <testcase classname="com.customerapi.Testcases.TC001_Get_All_Customers" name="checkStatusLine" time="0.004"/>
  <testcase classname="com.customerapi.Testcases.TC002_Get_Single_Customer" name="checkContentLength" time="0.003"/>
  <testcase classname="com.customerapi.Testcases.TC002_Get_Single_Customer" name="checkContentType" time="0.004"/>
  <testcase classname="com.customerapi.Testcases.TC002_Get_Single_Customer" name="checkResponseBody" time="0.002"/>
  <testcase classname="com.customerapi.Testcases.TC002_Get_Single_Customer" name="checkResponseTime" time="0.004"/>
  <testcase classname="com.customerapi.Testcases.TC002_Get_Single_Customer" name="checkServerType" time="0.002"/>
  <testcase classname="com.customerapi.Testcases.TC002_Get_Single_Customer" name="checkStatusCode" time="0.002"/>
  <testcase classname="com.customerapi.Testcases.TC002_Get_Single_Customer" name="checkStatusLine" time="0.003"/>
  <testcase classname="com.customerapi.Testcases.TC003_Add_Customer" name="Create_Customer" time="0.838"/>
  <testcase classname="com.customerapi.Testcases.TC003_Add_Customer" name="checkResponseTime" time="0.006"/>
  <testcase classname="com.customerapi.Testcases.TC003_Add_Customer" name="checkStatusCode" time="0.003"/>
  <testcase classname="com.customerapi.base.TestBase" name="@BeforeSuite Setup" time="0.0">
    <ignored/>
  </testcase> <!-- @BeforeSuite Setup -->
  <testcase classname="com.customerapi.base.TestBase" name="@BeforeSuite Setup" time="0.0">
    <ignored/>
  </testcase> <!-- @BeforeSuite Setup -->
</testsuite> <!-- Test -->
