<?xml version="1.0" encoding="UTF-8"?>
<testng-results ignored="2" total="19" passed="17" failed="0" skipped="0">
  <reporter-output>
  </reporter-output>
  <suite started-at="2022-02-17T17:07:46 IST" name="Suite" finished-at="2022-02-17T17:07:52 IST" duration-ms="5927">
    <groups>
    </groups>
    <test started-at="2022-02-17T17:07:46 IST" name="Test" finished-at="2022-02-17T17:07:52 IST" duration-ms="5927">
      <class name="com.customerapi.Testcases.TC002_Get_Single_Customer">
        <test-method is-config="true" signature="Get_All_Customers()[pri:0, instance:com.customerapi.Testcases.TC002_Get_Single_Customer@32eff876]" started-at="2022-02-17T17:07:51 IST" name="Get_All_Customers" finished-at="2022-02-17T17:07:51 IST" duration-ms="723" status="PASS">
          <reporter-output>
          </reporter-output>
        </test-method> <!-- Get_All_Customers -->
        <test-method signature="checkContentLength()[pri:0, instance:com.customerapi.Testcases.TC002_Get_Single_Customer@32eff876]" started-at="2022-02-17T17:07:51 IST" name="checkContentLength" finished-at="2022-02-17T17:07:51 IST" duration-ms="3" status="PASS">
          <reporter-output>
          </reporter-output>
        </test-method> <!-- checkContentLength -->
        <test-method signature="checkContentType()[pri:0, instance:com.customerapi.Testcases.TC002_Get_Single_Customer@32eff876]" started-at="2022-02-17T17:07:51 IST" name="checkContentType" finished-at="2022-02-17T17:07:51 IST" duration-ms="4" status="PASS">
          <reporter-output>
          </reporter-output>
        </test-method> <!-- checkContentType -->
        <test-method signature="checkResponseBody()[pri:0, instance:com.customerapi.Testcases.TC002_Get_Single_Customer@32eff876]" started-at="2022-02-17T17:07:51 IST" name="checkResponseBody" finished-at="2022-02-17T17:07:51 IST" duration-ms="2" status="PASS">
          <reporter-output>
          </reporter-output>
        </test-method> <!-- checkResponseBody -->
        <test-method signature="checkResponseTime()[pri:0, instance:com.customerapi.Testcases.TC002_Get_Single_Customer@32eff876]" started-at="2022-02-17T17:07:51 IST" name="checkResponseTime" finished-at="2022-02-17T17:07:51 IST" duration-ms="4" status="PASS">
          <reporter-output>
          </reporter-output>
        </test-method> <!-- checkResponseTime -->
        <test-method signature="checkServerType()[pri:0, instance:com.customerapi.Testcases.TC002_Get_Single_Customer@32eff876]" started-at="2022-02-17T17:07:51 IST" name="checkServerType" finished-at="2022-02-17T17:07:51 IST" duration-ms="2" status="PASS">
          <reporter-output>
          </reporter-output>
        </test-method> <!-- checkServerType -->
        <test-method signature="checkStatusCode()[pri:0, instance:com.customerapi.Testcases.TC002_Get_Single_Customer@32eff876]" started-at="2022-02-17T17:07:51 IST" name="checkStatusCode" finished-at="2022-02-17T17:07:51 IST" duration-ms="2" status="PASS">
          <reporter-output>
          </reporter-output>
        </test-method> <!-- checkStatusCode -->
        <test-method signature="checkStatusLine()[pri:0, instance:com.customerapi.Testcases.TC002_Get_Single_Customer@32eff876]" started-at="2022-02-17T17:07:51 IST" name="checkStatusLine" finished-at="2022-02-17T17:07:51 IST" duration-ms="3" status="PASS">
          <reporter-output>
          </reporter-output>
        </test-method> <!-- checkStatusLine -->
        <test-method is-config="true" signature="teardown()[pri:0, instance:com.customerapi.Testcases.TC002_Get_Single_Customer@32eff876]" started-at="2022-02-17T17:07:51 IST" name="teardown" finished-at="2022-02-17T17:07:51 IST" duration-ms="0" status="PASS">
          <reporter-output>
          </reporter-output>
        </test-method> <!-- teardown -->
      </class> <!-- com.customerapi.Testcases.TC002_Get_Single_Customer -->
      <class name="com.customerapi.Testcases.TC001_Get_All_Customers">
        <test-method is-config="true" signature="Setup()[pri:0, instance:com.customerapi.Testcases.TC001_Get_All_Customers@14dd9eb7]" started-at="2022-02-17T17:07:46 IST" name="Setup" finished-at="2022-02-17T17:07:46 IST" duration-ms="349" status="PASS">
          <reporter-output>
          </reporter-output>
        </test-method> <!-- Setup -->
        <test-method is-config="true" signature="Get_All_Customers()[pri:0, instance:com.customerapi.Testcases.TC001_Get_All_Customers@14dd9eb7]" started-at="2022-02-17T17:07:47 IST" name="Get_All_Customers" finished-at="2022-02-17T17:07:50 IST" duration-ms="3731" status="PASS">
          <reporter-output>
          </reporter-output>
        </test-method> <!-- Get_All_Customers -->
        <test-method signature="checkContentLength()[pri:0, instance:com.customerapi.Testcases.TC001_Get_All_Customers@14dd9eb7]" started-at="2022-02-17T17:07:50 IST" name="checkContentLength" finished-at="2022-02-17T17:07:50 IST" duration-ms="8" status="PASS">
          <reporter-output>
          </reporter-output>
        </test-method> <!-- checkContentLength -->
        <test-method signature="checkContentType()[pri:0, instance:com.customerapi.Testcases.TC001_Get_All_Customers@14dd9eb7]" started-at="2022-02-17T17:07:51 IST" name="checkContentType" finished-at="2022-02-17T17:07:51 IST" duration-ms="2" status="PASS">
          <reporter-output>
          </reporter-output>
        </test-method> <!-- checkContentType -->
        <test-method signature="checkResponseBody()[pri:0, instance:com.customerapi.Testcases.TC001_Get_All_Customers@14dd9eb7]" started-at="2022-02-17T17:07:51 IST" name="checkResponseBody" finished-at="2022-02-17T17:07:51 IST" duration-ms="20" status="PASS">
          <reporter-output>
          </reporter-output>
        </test-method> <!-- checkResponseBody -->
        <test-method signature="checkResponseTime()[pri:0, instance:com.customerapi.Testcases.TC001_Get_All_Customers@14dd9eb7]" started-at="2022-02-17T17:07:51 IST" name="checkResponseTime" finished-at="2022-02-17T17:07:51 IST" duration-ms="3" status="PASS">
          <reporter-output>
          </reporter-output>
        </test-method> <!-- checkResponseTime -->
        <test-method signature="checkServerType()[pri:0, instance:com.customerapi.Testcases.TC001_Get_All_Customers@14dd9eb7]" started-at="2022-02-17T17:07:51 IST" name="checkServerType" finished-at="2022-02-17T17:07:51 IST" duration-ms="6" status="PASS">
          <reporter-output>
          </reporter-output>
        </test-method> <!-- checkServerType -->
        <test-method signature="checkStatusCode()[pri:0, instance:com.customerapi.Testcases.TC001_Get_All_Customers@14dd9eb7]" started-at="2022-02-17T17:07:51 IST" name="checkStatusCode" finished-at="2022-02-17T17:07:51 IST" duration-ms="3" status="PASS">
          <reporter-output>
          </reporter-output>
        </test-method> <!-- checkStatusCode -->
        <test-method signature="checkStatusLine()[pri:0, instance:com.customerapi.Testcases.TC001_Get_All_Customers@14dd9eb7]" started-at="2022-02-17T17:07:51 IST" name="checkStatusLine" finished-at="2022-02-17T17:07:51 IST" duration-ms="4" status="PASS">
          <reporter-output>
          </reporter-output>
        </test-method> <!-- checkStatusLine -->
        <test-method is-config="true" signature="teardown()[pri:0, instance:com.customerapi.Testcases.TC001_Get_All_Customers@14dd9eb7]" started-at="2022-02-17T17:07:51 IST" name="teardown" finished-at="2022-02-17T17:07:51 IST" duration-ms="1" status="PASS">
          <reporter-output>
          </reporter-output>
        </test-method> <!-- teardown -->
      </class> <!-- com.customerapi.Testcases.TC001_Get_All_Customers -->
      <class name="com.customerapi.Testcases.TC003_Add_Customer">
        <test-method signature="Create_Customer()[pri:0, instance:com.customerapi.Testcases.TC003_Add_Customer@8dbdac1]" started-at="2022-02-17T17:07:51 IST" name="Create_Customer" finished-at="2022-02-17T17:07:52 IST" duration-ms="838" status="PASS">
          <reporter-output>
          </reporter-output>
        </test-method> <!-- Create_Customer -->
        <test-method signature="checkResponseTime()[pri:0, instance:com.customerapi.Testcases.TC003_Add_Customer@8dbdac1]" started-at="2022-02-17T17:07:52 IST" name="checkResponseTime" finished-at="2022-02-17T17:07:52 IST" duration-ms="6" status="PASS">
          <reporter-output>
          </reporter-output>
        </test-method> <!-- checkResponseTime -->
        <test-method signature="checkStatusCode()[pri:0, instance:com.customerapi.Testcases.TC003_Add_Customer@8dbdac1]" started-at="2022-02-17T17:07:52 IST" name="checkStatusCode" finished-at="2022-02-17T17:07:52 IST" duration-ms="3" status="PASS">
          <reporter-output>
          </reporter-output>
        </test-method> <!-- checkStatusCode -->
      </class> <!-- com.customerapi.Testcases.TC003_Add_Customer -->
    </test> <!-- Test -->
  </suite> <!-- Suite -->
</testng-results>
